<?xml version="1.0" encoding="UTF-8"?>
<!-- Generated by org.testng.reporters.JUnitReportReporter -->
<testsuite hostname="DESKTOP-HUOROU4" name="cassa.EmptyCheckOutError" tests="1" failures="0" timestamp="11 May 2017 06:30:06 GMT" time="11.481" errors="0">
  <testcase name="main" time="11.481" classname="cassa.EmptyCheckOutError"/>
</testsuite> <!-- cassa.EmptyCheckOutError -->
