<?xml version="1.0" encoding="UTF-8"?>
<!-- Generated by org.testng.reporters.JUnitReportReporter -->
<testsuite hostname="DESKTOP-HUOROU4" name="unitTest.UnitTesting" tests="1" failures="0" timestamp="5 May 2017 12:01:29 GMT" time="13.440" errors="0">
  <testcase name="main" time="13.440" classname="unitTest.UnitTesting"/>
</testsuite> <!-- unitTest.UnitTesting -->
