<?xml version="1.0" encoding="UTF-8"?>
<!-- Generated by org.testng.reporters.JUnitReportReporter -->
<testsuite hostname="DESKTOP-HUOROU4" name="login.Login" tests="2" failures="0" timestamp="16 May 2017 08:25:55 GMT" time="28.809" errors="0">
  <testcase name="main" time="11.543" classname="login.Login"/>
  <testcase name="main" time="17.266" classname="login.Login"/>
</testsuite> <!-- login.Login -->
