<?xml version="1.0" encoding="UTF-8"?>
<!-- Generated by org.testng.reporters.JUnitReportReporter -->
<testsuite hostname="DESKTOP-HUOROU4" name="testCases.RememberUser" tests="1" failures="0" timestamp="9 Mar 2017 13:24:13 GMT" time="25.175" errors="0">
  <testcase name="main" time="25.175" classname="testCases.RememberUser"/>
</testsuite> <!-- testCases.RememberUser -->
