<?xml version="1.0" encoding="UTF-8"?>
<!-- Generated by org.testng.reporters.JUnitReportReporter -->
<testsuite hostname="DESKTOP-HUOROU4" name="cassa.AddCommentary" tests="1" failures="0" timestamp="11 May 2017 06:30:06 GMT" time="17.723" errors="0">
  <testcase name="main" time="17.723" classname="cassa.AddCommentary"/>
</testsuite> <!-- cassa.AddCommentary -->
