<?xml version="1.0" encoding="UTF-8"?>
<!-- Generated by org.testng.reporters.JUnitReportReporter -->
<testsuite hostname="DESKTOP-HUOROU4" name="desktop.TwoEmployeesAtOnce" tests="1" failures="0" timestamp="16 May 2017 08:25:55 GMT" time="57.913" errors="0">
  <testcase name="test" time="57.913" classname="desktop.TwoEmployeesAtOnce"/>
</testsuite> <!-- desktop.TwoEmployeesAtOnce -->
