<?xml version="1.0" encoding="UTF-8"?>
<!-- Generated by org.testng.reporters.JUnitReportReporter -->
<testsuite hostname="DESKTOP-HUOROU4" name="kassa.addProductToCassa" tests="1" failures="0" timestamp="15 Mar 2017 10:53:31 GMT" time="46.514" errors="0">
  <testcase name="main" time="46.514" classname="kassa.addProductToCassa"/>
</testsuite> <!-- kassa.addProductToCassa -->
