<?xml version="1.0" encoding="UTF-8"?>
<!-- Generated by org.testng.reporters.JUnitReportReporter -->
<testsuite hostname="DESKTOP-HUOROU4" name="kitchen.KitchenOrder" tests="1" failures="0" timestamp="16 May 2017 08:25:55 GMT" time="17.270" errors="0">
  <testcase name="test" time="17.270" classname="kitchen.KitchenOrder"/>
</testsuite> <!-- kitchen.KitchenOrder -->
