<?xml version="1.0" encoding="UTF-8"?>
<!-- Generated by org.testng.reporters.JUnitReportReporter -->
<testsuite hostname="DESKTOP-HUOROU4" name="transactions.Sale" tests="1" failures="0" timestamp="16 May 2017 08:25:55 GMT" time="16.285" errors="0">
  <testcase name="main" time="16.285" classname="transactions.Sale"/>
</testsuite> <!-- transactions.Sale -->
