<?xml version="1.0" encoding="UTF-8"?>
<!-- Generated by org.testng.reporters.JUnitReportReporter -->
<testsuite hostname="DESKTOP-HUOROU4" name="testCases.Login" tests="1" failures="0" timestamp="9 Mar 2017 13:24:13 GMT" time="11.168" errors="0">
  <testcase name="main" time="11.168" classname="testCases.Login"/>
</testsuite> <!-- testCases.Login -->
