<?xml version="1.0" encoding="UTF-8"?>
<!-- Generated by org.testng.reporters.JUnitReportReporter -->
<testsuite hostname="DESKTOP-HUOROU4" name="profile.PersonalDataChange" tests="1" failures="0" timestamp="16 May 2017 08:25:55 GMT" time="15.706" errors="0">
  <testcase name="main" time="15.706" classname="profile.PersonalDataChange"/>
</testsuite> <!-- profile.PersonalDataChange -->
